# JRE version: Java(TM) SE Runtime Environment (17.0.5+9) (build 17.0.5+9-LTS-191)
# Java VM: Java HotSpot(TM) 64-Bit Server VM (17.0.5+9-LTS-191, mixed mode, sharing, tiered, compressed oops, compressed class ptrs, g1 gc, bsd-amd64)
GC Precious Log:
 CPUs: 4 total, 4 available
 Memory: 8192M
 Large Page Support: Disabled
 NUMA Support: Disabled
 Compressed Oops: Enabled (Zero based)
 Heap Region Size: 1M
 Heap Min Capacity: 8M
 Heap Initial Capacity: 128M
 Heap Max Capacity: 2G
 Pre-touch: Disabled
 Parallel Workers: 4
 Concurrent Workers: 1
 Concurrent Refinement Workers: 4
 Periodic GC: Disabled
Heap:
 garbage-first heap   total 55296K, used 36496K [0x0000000780000000, 0x0000000800000000)
  region size 1024K, 25 young (25600K), 1 survivors (1024K)
 Metaspace       used 23228K, committed 23488K, reserved 1073152K
  class space    used 3132K, committed 3264K, reserved 1048576K
GC Heap History (20 events):
Event: 2.036 GC heap before
{Heap before GC invocations=1 (full 0):
 garbage-first heap   total 133120K, used 24948K [0x0000000780000000, 0x0000000800000000)
  region size 1024K, 25 young (25600K), 2 survivors (2048K)
 Metaspace       used 9324K, committed 9600K, reserved 1064960K
  class space    used 1280K, committed 1408K, reserved 1048576K
}
Event: 2.043 GC heap after
{Heap after GC invocations=2 (full 0):
 garbage-first heap   total 133120K, used 6208K [0x0000000780000000, 0x0000000800000000)
  region size 1024K, 4 young (4096K), 4 survivors (4096K)
 Metaspace       used 9324K, committed 9600K, reserved 1064960K
  class space    used 1280K, committed 1408K, reserved 1048576K
}
Event: 12.559 GC heap before
{Heap before GC invocations=2 (full 0):
 garbage-first heap   total 133120K, used 81984K [0x0000000780000000, 0x0000000800000000)
  region size 1024K, 76 young (77824K), 4 survivors (4096K)
 Metaspace       used 18391K, committed 18624K, reserved 1064960K
  class space    used 2545K, committed 2688K, reserved 1048576K
}
Event: 12.572 GC heap after
{Heap after GC invocations=3 (full 0):
 garbage-first heap   total 133120K, used 11925K [0x0000000780000000, 0x0000000800000000)
  region size 1024K, 8 young (8192K), 8 survivors (8192K)
 Metaspace       used 18391K, committed 18624K, reserved 1064960K
  class space    used 2545K, committed 2688K, reserved 1048576K
}
Event: 18.945 GC heap before
{Heap before GC invocations=3 (full 0):
 garbage-first heap   total 133120K, used 29333K [0x0000000780000000, 0x0000000800000000)
  region size 1024K, 26 young (26624K), 8 survivors (8192K)
 Metaspace       used 21324K, committed 21504K, reserved 1073152K
  class space    used 2929K, committed 3008K, reserved 1048576K
}
Event: 18.956 GC heap after
{Heap after GC invocations=4 (full 0):
 garbage-first heap   total 133120K, used 12804K [0x0000000780000000, 0x0000000800000000)
  region size 1024K, 5 young (5120K), 5 survivors (5120K)
 Metaspace       used 21324K, committed 21504K, reserved 1073152K
  class space    used 2929K, committed 3008K, reserved 1048576K
}
Event: 97.073 GC heap before
{Heap before GC invocations=5 (full 0):
 garbage-first heap   total 55296K, used 42500K [0x0000000780000000, 0x0000000800000000)
  region size 1024K, 31 young (31744K), 5 survivors (5120K)
 Metaspace       used 23211K, committed 23488K, reserved 1073152K
  class space    used 3132K, committed 3264K, reserved 1048576K
}
Event: 97.085 GC heap after
{Heap after GC invocations=6 (full 0):
 garbage-first heap   total 55296K, used 17246K [0x0000000780000000, 0x0000000800000000)
  region size 1024K, 5 young (5120K), 5 survivors (5120K)
 Metaspace       used 23211K, committed 23488K, reserved 1073152K
  class space    used 3132K, committed 3264K, reserved 1048576K
}
Event: 97.137 GC heap before
{Heap before GC invocations=6 (full 0):
 garbage-first heap   total 55296K, used 18270K [0x0000000780000000, 0x0000000800000000)
  region size 1024K, 6 young (6144K), 5 survivors (5120K)
 Metaspace       used 23211K, committed 23488K, reserved 1073152K
  class space    used 3132K, committed 3264K, reserved 1048576K
}
Event: 97.162 GC heap after
{Heap after GC invocations=7 (full 0):
 garbage-first heap   total 55296K, used 13829K [0x0000000780000000, 0x0000000800000000)
  region size 1024K, 1 young (1024K), 1 survivors (1024K)
 Metaspace       used 23211K, committed 23488K, reserved 1073152K
  class space    used 3132K, committed 3264K, reserved 1048576K
}
Event: 99.046 GC heap before
{Heap before GC invocations=7 (full 0):
 garbage-first heap   total 55296K, used 41477K [0x0000000780000000, 0x0000000800000000)
  region size 1024K, 28 young (28672K), 1 survivors (1024K)
 Metaspace       used 23211K, committed 23488K, reserved 1073152K
  class space    used 3132K, committed 3264K, reserved 1048576K
}
Event: 99.047 GC heap after
{Heap after GC invocations=8 (full 0):
 garbage-first heap   total 55296K, used 13042K [0x0000000780000000, 0x0000000800000000)
  region size 1024K, 1 young (1024K), 1 survivors (1024K)
 Metaspace       used 23211K, committed 23488K, reserved 1073152K
  class space    used 3132K, committed 3264K, reserved 1048576K
}
Event: 100.735 GC heap before
{Heap before GC invocations=8 (full 0):
 garbage-first heap   total 55296K, used 41714K [0x0000000780000000, 0x0000000800000000)
  region size 1024K, 29 young (29696K), 1 survivors (1024K)
 Metaspace       used 23211K, committed 23488K, reserved 1073152K
  class space    used 3132K, committed 3264K, reserved 1048576K
}
Event: 100.735 GC heap after
{Heap after GC invocations=9 (full 0):
 garbage-first heap   total 55296K, used 12986K [0x0000000780000000, 0x0000000800000000)
  region size 1024K, 1 young (1024K), 1 survivors (1024K)
 Metaspace       used 23211K, committed 23488K, reserved 1073152K
  class space    used 3132K, committed 3264K, reserved 1048576K
}
Event: 101.696 GC heap before
{Heap before GC invocations=9 (full 0):
 garbage-first heap   total 55296K, used 42682K [0x0000000780000000, 0x0000000800000000)
  region size 1024K, 30 young (30720K), 1 survivors (1024K)
 Metaspace       used 23211K, committed 23488K, reserved 1073152K
  class space    used 3132K, committed 3264K, reserved 1048576K
}
Event: 101.696 GC heap after
{Heap after GC invocations=10 (full 0):
 garbage-first heap   total 55296K, used 12944K [0x0000000780000000, 0x0000000800000000)
  region size 1024K, 1 young (1024K), 1 survivors (1024K)
 Metaspace       used 23211K, committed 23488K, reserved 1073152K
  class space    used 3132K, committed 3264K, reserved 1048576K
}
Event: 103.606 GC heap before
{Heap before GC invocations=10 (full 0):
 garbage-first heap   total 55296K, used 43664K [0x0000000780000000, 0x0000000800000000)
  region size 1024K, 31 young (31744K), 1 survivors (1024K)
 Metaspace       used 23212K, committed 23488K, reserved 1073152K
  class space    used 3132K, committed 3264K, reserved 1048576K
}
Event: 103.606 GC heap after
{Heap after GC invocations=11 (full 0):
 garbage-first heap   total 55296K, used 12944K [0x0000000780000000, 0x0000000800000000)
  region size 1024K, 1 young (1024K), 1 survivors (1024K)
 Metaspace       used 23212K, committed 23488K, reserved 1073152K
  class space    used 3132K, committed 3264K, reserved 1048576K
}
Event: 104.859 GC heap before
{Heap before GC invocations=11 (full 0):
 garbage-first heap   total 55296K, used 43664K [0x0000000780000000, 0x0000000800000000)
  region size 1024K, 31 young (31744K), 1 survivors (1024K)
 Metaspace       used 23219K, committed 23488K, reserved 1073152K
  class space    used 3132K, committed 3264K, reserved 1048576K
}
Event: 104.860 GC heap after
{Heap after GC invocations=12 (full 0):
 garbage-first heap   total 55296K, used 12944K [0x0000000780000000, 0x0000000800000000)
  region size 1024K, 1 young (1024K), 1 survivors (1024K)
 Metaspace       used 23219K, committed 23488K, reserved 1073152K
  class space    used 3132K, committed 3264K, reserved 1048576K
}

