# JRE version: Java(TM) SE Runtime Environment (17.0.5+9) (build 17.0.5+9-LTS-191)
# Java VM: Java HotSpot(TM) 64-Bit Server VM (17.0.5+9-LTS-191, mixed mode, sharing, tiered, compressed oops, compressed class ptrs, g1 gc, bsd-amd64)
GC Precious Log:
 CPUs: 4 total, 4 available
 Memory: 8192M
 Large Page Support: Disabled
 NUMA Support: Disabled
 Compressed Oops: Enabled (Zero based)
 Heap Region Size: 1M
 Heap Min Capacity: 8M
 Heap Initial Capacity: 128M
 Heap Max Capacity: 2G
 Pre-touch: Disabled
 Parallel Workers: 4
 Concurrent Workers: 1
 Concurrent Refinement Workers: 4
 Periodic GC: Disabled
Heap:
 garbage-first heap   total 133120K, used 67993K [0x0000000780000000, 0x0000000800000000)
  region size 1024K, 59 young (60416K), 3 survivors (3072K)
 Metaspace       used 17652K, committed 17984K, reserved 1064960K
  class space    used 2490K, committed 2624K, reserved 1048576K
GC Heap History (6 events):
Event: 1.355 GC heap before
{Heap before GC invocations=0 (full 0):
 garbage-first heap   total 133120K, used 14292K [0x0000000780000000, 0x0000000800000000)
  region size 1024K, 13 young (13312K), 0 survivors (0K)
 Metaspace       used 3229K, committed 3456K, reserved 1056768K
  class space    used 361K, committed 448K, reserved 1048576K
}
Event: 1.359 GC heap after
{Heap after GC invocations=1 (full 0):
 garbage-first heap   total 133120K, used 2436K [0x0000000780000000, 0x0000000800000000)
  region size 1024K, 2 young (2048K), 2 survivors (2048K)
 Metaspace       used 3229K, committed 3456K, reserved 1056768K
  class space    used 361K, committed 448K, reserved 1048576K
}
Event: 2.755 GC heap before
{Heap before GC invocations=1 (full 0):
 garbage-first heap   total 133120K, used 24964K [0x0000000780000000, 0x0000000800000000)
  region size 1024K, 25 young (25600K), 2 survivors (2048K)
 Metaspace       used 9705K, committed 9984K, reserved 1064960K
  class space    used 1345K, committed 1472K, reserved 1048576K
}
Event: 2.762 GC heap after
{Heap after GC invocations=2 (full 0):
 garbage-first heap   total 133120K, used 6593K [0x0000000780000000, 0x0000000800000000)
  region size 1024K, 4 young (4096K), 4 survivors (4096K)
 Metaspace       used 9705K, committed 9984K, reserved 1064960K
  class space    used 1345K, committed 1472K, reserved 1048576K
}
Event: 5.091 GC heap before
{Heap before GC invocations=2 (full 0):
 garbage-first heap   total 133120K, used 35265K [0x0000000780000000, 0x0000000800000000)
  region size 1024K, 30 young (30720K), 4 survivors (4096K)
 Metaspace       used 16327K, committed 16576K, reserved 1064960K
  class space    used 2432K, committed 2560K, reserved 1048576K
}
Event: 5.116 GC heap after
{Heap after GC invocations=3 (full 0):
 garbage-first heap   total 133120K, used 11673K [0x0000000780000000, 0x0000000800000000)
  region size 1024K, 3 young (3072K), 3 survivors (3072K)
 Metaspace       used 16327K, committed 16576K, reserved 1064960K
  class space    used 2432K, committed 2560K, reserved 1048576K
}

